{"/Users/kd/scripts/plex-music-rater/src/app.js": {"path":"/Users/kd/scripts/plex-music-rater/src/app.js","statementMap":{"0":{"start":{"line":5,"column":2},"end":{"line":11,"column":4}}},"fnMap":{"0":{"name":"App","decl":{"start":{"line":4,"column":9},"end":{"line":4,"column":12}},"loc":{"start":{"line":4,"column":15},"end":{"line":12,"column":1}},"line":4}},"branchMap":{},"s":{"0":0},"f":{"0":0},"b":{}}
,"/Users/kd/scripts/plex-music-rater/src/index.js": {"path":"/Users/kd/scripts/plex-music-rater/src/index.js","statementMap":{"0":{"start":{"line":6,"column":0},"end":{"line":11,"column":2}}},"fnMap":{},"branchMap":{},"s":{"0":0},"f":{},"b":{}}
,"/Users/kd/scripts/plex-music-rater/src/plex-music-rater.js": {"path":"/Users/kd/scripts/plex-music-rater/src/plex-music-rater.js","statementMap":{"0":{"start":{"line":6,"column":24},"end":{"line":34,"column":1}},"1":{"start":{"line":9,"column":4},"end":{"line":9,"column":59}},"2":{"start":{"line":9,"column":33},"end":{"line":9,"column":57}},"3":{"start":{"line":12,"column":4},"end":{"line":25,"column":6}},"4":{"start":{"line":18,"column":83},"end":{"line":24,"column":7}},"5":{"start":{"line":30,"column":4},"end":{"line":30,"column":59}},"6":{"start":{"line":30,"column":33},"end":{"line":30,"column":57}},"7":{"start":{"line":31,"column":4},"end":{"line":31,"column":69}},"8":{"start":{"line":32,"column":4},"end":{"line":32,"column":29}},"9":{"start":{"line":37,"column":23},"end":{"line":41,"column":1}},"10":{"start":{"line":38,"column":15},"end":{"line":38,"column":39}},"11":{"start":{"line":39,"column":15},"end":{"line":39,"column":39}},"12":{"start":{"line":40,"column":2},"end":{"line":40,"column":55}},"13":{"start":{"line":44,"column":28},"end":{"line":44,"column":42}},"14":{"start":{"line":45,"column":32},"end":{"line":45,"column":46}},"15":{"start":{"line":46,"column":30},"end":{"line":46,"column":45}},"16":{"start":{"line":47,"column":42},"end":{"line":47,"column":56}},"17":{"start":{"line":48,"column":36},"end":{"line":48,"column":51}},"18":{"start":{"line":49,"column":32},"end":{"line":49,"column":44}},"19":{"start":{"line":50,"column":40},"end":{"line":50,"column":55}},"20":{"start":{"line":51,"column":40},"end":{"line":51,"column":55}},"21":{"start":{"line":52,"column":36},"end":{"line":52,"column":48}},"22":{"start":{"line":53,"column":48},"end":{"line":53,"column":105}},"23":{"start":{"line":54,"column":38},"end":{"line":54,"column":91}},"24":{"start":{"line":55,"column":46},"end":{"line":55,"column":61}},"25":{"start":{"line":56,"column":50},"end":{"line":58,"column":3}},"26":{"start":{"line":59,"column":60},"end":{"line":61,"column":3}},"27":{"start":{"line":62,"column":44},"end":{"line":62,"column":70}},"28":{"start":{"line":63,"column":54},"end":{"line":63,"column":85}},"29":{"start":{"line":64,"column":52},"end":{"line":67,"column":4}},"30":{"start":{"line":68,"column":19},"end":{"line":68,"column":31}},"31":{"start":{"line":70,"column":2},"end":{"line":77,"column":9}},"32":{"start":{"line":72,"column":4},"end":{"line":76,"column":5}},"33":{"start":{"line":73,"column":6},"end":{"line":73,"column":22}},"34":{"start":{"line":75,"column":6},"end":{"line":75,"column":24}},"35":{"start":{"line":79,"column":2},"end":{"line":82,"column":19}},"36":{"start":{"line":80,"column":4},"end":{"line":80,"column":87}},"37":{"start":{"line":81,"column":4},"end":{"line":81,"column":49}},"38":{"start":{"line":84,"column":24},"end":{"line":142,"column":3}},"39":{"start":{"line":85,"column":4},"end":{"line":85,"column":21}},"40":{"start":{"line":86,"column":4},"end":{"line":141,"column":5}},"41":{"start":{"line":87,"column":22},"end":{"line":90,"column":7}},"42":{"start":{"line":92,"column":6},"end":{"line":135,"column":7}},"43":{"start":{"line":93,"column":8},"end":{"line":93,"column":29}},"44":{"start":{"line":94,"column":8},"end":{"line":94,"column":75}},"45":{"start":{"line":95,"column":8},"end":{"line":95,"column":67}},"46":{"start":{"line":98,"column":21},"end":{"line":98,"column":55}},"47":{"start":{"line":99,"column":8},"end":{"line":99,"column":27}},"48":{"start":{"line":101,"column":8},"end":{"line":132,"column":9}},"49":{"start":{"line":104,"column":27},"end":{"line":104,"column":80}},"50":{"start":{"line":104,"column":44},"end":{"line":104,"column":79}},"51":{"start":{"line":105,"column":27},"end":{"line":105,"column":66}},"52":{"start":{"line":108,"column":10},"end":{"line":118,"column":11}},"53":{"start":{"line":108,"column":43},"end":{"line":108,"column":63}},"54":{"start":{"line":109,"column":12},"end":{"line":109,"column":35}},"55":{"start":{"line":112,"column":15},"end":{"line":118,"column":11}},"56":{"start":{"line":113,"column":12},"end":{"line":113,"column":39}},"57":{"start":{"line":117,"column":12},"end":{"line":117,"column":38}},"58":{"start":{"line":121,"column":10},"end":{"line":121,"column":42}},"59":{"start":{"line":122,"column":10},"end":{"line":122,"column":63}},"60":{"start":{"line":125,"column":10},"end":{"line":131,"column":11}},"61":{"start":{"line":126,"column":30},"end":{"line":126,"column":84}},"62":{"start":{"line":127,"column":12},"end":{"line":127,"column":32}},"63":{"start":{"line":129,"column":12},"end":{"line":129,"column":67}},"64":{"start":{"line":130,"column":12},"end":{"line":130,"column":69}},"65":{"start":{"line":134,"column":8},"end":{"line":134,"column":78}},"66":{"start":{"line":137,"column":6},"end":{"line":137,"column":48}},"67":{"start":{"line":138,"column":6},"end":{"line":138,"column":50}},"68":{"start":{"line":140,"column":6},"end":{"line":140,"column":24}},"69":{"start":{"line":144,"column":27},"end":{"line":152,"column":3}},"70":{"start":{"line":145,"column":4},"end":{"line":145,"column":26}},"71":{"start":{"line":146,"column":4},"end":{"line":146,"column":19}},"72":{"start":{"line":147,"column":4},"end":{"line":147,"column":21}},"73":{"start":{"line":148,"column":4},"end":{"line":148,"column":29}},"74":{"start":{"line":149,"column":4},"end":{"line":149,"column":45}},"75":{"start":{"line":150,"column":4},"end":{"line":150,"column":41}},"76":{"start":{"line":151,"column":4},"end":{"line":151,"column":47}},"77":{"start":{"line":154,"column":24},"end":{"line":203,"column":3}},"78":{"start":{"line":155,"column":4},"end":{"line":155,"column":27}},"79":{"start":{"line":155,"column":20},"end":{"line":155,"column":27}},"80":{"start":{"line":157,"column":4},"end":{"line":157,"column":21}},"81":{"start":{"line":158,"column":4},"end":{"line":158,"column":26}},"82":{"start":{"line":161,"column":27},"end":{"line":163,"column":6}},"83":{"start":{"line":162,"column":6},"end":{"line":162,"column":107}},"84":{"start":{"line":162,"column":23},"end":{"line":162,"column":98}},"85":{"start":{"line":165,"column":4},"end":{"line":202,"column":5}},"86":{"start":{"line":167,"column":6},"end":{"line":174,"column":7}},"87":{"start":{"line":168,"column":8},"end":{"line":171,"column":11}},"88":{"start":{"line":173,"column":8},"end":{"line":173,"column":68}},"89":{"start":{"line":176,"column":6},"end":{"line":176,"column":26}},"90":{"start":{"line":177,"column":6},"end":{"line":177,"column":21}},"91":{"start":{"line":178,"column":6},"end":{"line":178,"column":28}},"92":{"start":{"line":179,"column":6},"end":{"line":179,"column":26}},"93":{"start":{"line":181,"column":6},"end":{"line":184,"column":7}},"94":{"start":{"line":182,"column":8},"end":{"line":182,"column":33}},"95":{"start":{"line":183,"column":8},"end":{"line":183,"column":34}},"96":{"start":{"line":186,"column":6},"end":{"line":186,"column":53}},"97":{"start":{"line":189,"column":6},"end":{"line":197,"column":7}},"98":{"start":{"line":190,"column":8},"end":{"line":190,"column":42}},"99":{"start":{"line":191,"column":8},"end":{"line":191,"column":39}},"100":{"start":{"line":192,"column":8},"end":{"line":192,"column":63}},"101":{"start":{"line":193,"column":8},"end":{"line":193,"column":60}},"102":{"start":{"line":194,"column":8},"end":{"line":194,"column":99}},"103":{"start":{"line":195,"column":8},"end":{"line":195,"column":24}},"104":{"start":{"line":196,"column":8},"end":{"line":196,"column":15}},"105":{"start":{"line":199,"column":6},"end":{"line":199,"column":55}},"106":{"start":{"line":201,"column":6},"end":{"line":201,"column":24}},"107":{"start":{"line":205,"column":22},"end":{"line":223,"column":3}},"108":{"start":{"line":206,"column":4},"end":{"line":206,"column":50}},"109":{"start":{"line":206,"column":43},"end":{"line":206,"column":50}},"110":{"start":{"line":208,"column":4},"end":{"line":208,"column":20}},"111":{"start":{"line":209,"column":4},"end":{"line":222,"column":5}},"112":{"start":{"line":210,"column":6},"end":{"line":214,"column":7}},"113":{"start":{"line":211,"column":8},"end":{"line":211,"column":47}},"114":{"start":{"line":213,"column":8},"end":{"line":213,"column":61}},"115":{"start":{"line":215,"column":6},"end":{"line":215,"column":27}},"116":{"start":{"line":216,"column":6},"end":{"line":216,"column":52}},"117":{"start":{"line":216,"column":23},"end":{"line":216,"column":44}},"118":{"start":{"line":218,"column":6},"end":{"line":218,"column":54}},"119":{"start":{"line":219,"column":6},"end":{"line":219,"column":56}},"120":{"start":{"line":221,"column":6},"end":{"line":221,"column":23}},"121":{"start":{"line":225,"column":26},"end":{"line":248,"column":3}},"122":{"start":{"line":226,"column":4},"end":{"line":247,"column":5}},"123":{"start":{"line":228,"column":6},"end":{"line":233,"column":7}},"124":{"start":{"line":229,"column":8},"end":{"line":229,"column":61}},"125":{"start":{"line":230,"column":8},"end":{"line":230,"column":80}},"126":{"start":{"line":232,"column":8},"end":{"line":232,"column":75}},"127":{"start":{"line":236,"column":6},"end":{"line":239,"column":10}},"128":{"start":{"line":236,"column":26},"end":{"line":239,"column":7}},"129":{"start":{"line":242,"column":6},"end":{"line":242,"column":27}},"130":{"start":{"line":243,"column":6},"end":{"line":243,"column":52}},"131":{"start":{"line":243,"column":23},"end":{"line":243,"column":44}},"132":{"start":{"line":245,"column":6},"end":{"line":245,"column":53}},"133":{"start":{"line":246,"column":6},"end":{"line":246,"column":55}},"134":{"start":{"line":250,"column":26},"end":{"line":291,"column":3}},"135":{"start":{"line":251,"column":4},"end":{"line":254,"column":5}},"136":{"start":{"line":252,"column":6},"end":{"line":252,"column":51}},"137":{"start":{"line":253,"column":6},"end":{"line":253,"column":13}},"138":{"start":{"line":256,"column":4},"end":{"line":290,"column":5}},"139":{"start":{"line":257,"column":6},"end":{"line":261,"column":7}},"140":{"start":{"line":258,"column":8},"end":{"line":258,"column":33}},"141":{"start":{"line":260,"column":8},"end":{"line":260,"column":32}},"142":{"start":{"line":262,"column":6},"end":{"line":262,"column":31}},"143":{"start":{"line":264,"column":6},"end":{"line":266,"column":7}},"144":{"start":{"line":265,"column":8},"end":{"line":265,"column":33}},"145":{"start":{"line":268,"column":6},"end":{"line":268,"column":29}},"146":{"start":{"line":271,"column":6},"end":{"line":275,"column":7}},"147":{"start":{"line":272,"column":8},"end":{"line":272,"column":55}},"148":{"start":{"line":274,"column":8},"end":{"line":274,"column":48}},"149":{"start":{"line":278,"column":6},"end":{"line":278,"column":39}},"150":{"start":{"line":280,"column":6},"end":{"line":280,"column":30}},"151":{"start":{"line":281,"column":6},"end":{"line":281,"column":25}},"152":{"start":{"line":284,"column":6},"end":{"line":289,"column":16}},"153":{"start":{"line":285,"column":8},"end":{"line":288,"column":9}},"154":{"start":{"line":286,"column":10},"end":{"line":286,"column":35}},"155":{"start":{"line":287,"column":10},"end":{"line":287,"column":30}},"156":{"start":{"line":293,"column":28},"end":{"line":299,"column":3}},"157":{"start":{"line":294,"column":28},"end":{"line":294,"column":36}},"158":{"start":{"line":295,"column":4},"end":{"line":298,"column":8}},"159":{"start":{"line":295,"column":34},"end":{"line":298,"column":5}},"160":{"start":{"line":301,"column":22},"end":{"line":303,"column":3}},"161":{"start":{"line":302,"column":4},"end":{"line":302,"column":31}},"162":{"start":{"line":306,"column":2},"end":{"line":382,"column":3}},"163":{"start":{"line":307,"column":4},"end":{"line":381,"column":6}},"164":{"start":{"line":312,"column":10},"end":{"line":312,"column":29}},"165":{"start":{"line":313,"column":10},"end":{"line":313,"column":26}},"166":{"start":{"line":359,"column":16},"end":{"line":359,"column":31}},"167":{"start":{"line":360,"column":16},"end":{"line":360,"column":34}},"168":{"start":{"line":361,"column":16},"end":{"line":361,"column":32}},"169":{"start":{"line":384,"column":2},"end":{"line":390,"column":3}},"170":{"start":{"line":385,"column":4},"end":{"line":389,"column":6}},"171":{"start":{"line":392,"column":2},"end":{"line":406,"column":3}},"172":{"start":{"line":393,"column":4},"end":{"line":405,"column":6}},"173":{"start":{"line":399,"column":25},"end":{"line":399,"column":40}},"174":{"start":{"line":408,"column":2},"end":{"line":619,"column":4}},"175":{"start":{"line":411,"column":31},"end":{"line":411,"column":54}},"176":{"start":{"line":426,"column":31},"end":{"line":426,"column":55}},"177":{"start":{"line":441,"column":39},"end":{"line":441,"column":53}},"178":{"start":{"line":442,"column":20},"end":{"line":442,"column":51}},"179":{"start":{"line":443,"column":20},"end":{"line":443,"column":72}},"180":{"start":{"line":444,"column":20},"end":{"line":444,"column":46}},"181":{"start":{"line":445,"column":20},"end":{"line":445,"column":45}},"182":{"start":{"line":450,"column":20},"end":{"line":450,"column":78}},"183":{"start":{"line":472,"column":41},"end":{"line":472,"column":55}},"184":{"start":{"line":473,"column":20},"end":{"line":473,"column":51}},"185":{"start":{"line":474,"column":20},"end":{"line":474,"column":86}},"186":{"start":{"line":495,"column":37},"end":{"line":495,"column":51}},"187":{"start":{"line":496,"column":37},"end":{"line":496,"column":59}},"188":{"start":{"line":497,"column":20},"end":{"line":497,"column":48}},"189":{"start":{"line":497,"column":41},"end":{"line":497,"column":48}},"190":{"start":{"line":498,"column":20},"end":{"line":502,"column":21}},"191":{"start":{"line":499,"column":22},"end":{"line":499,"column":65}},"192":{"start":{"line":499,"column":58},"end":{"line":499,"column":65}},"193":{"start":{"line":501,"column":22},"end":{"line":501,"column":66}},"194":{"start":{"line":501,"column":59},"end":{"line":501,"column":66}},"195":{"start":{"line":503,"column":20},"end":{"line":503,"column":52}},"196":{"start":{"line":516,"column":18},"end":{"line":516,"column":53}},"197":{"start":{"line":517,"column":18},"end":{"line":517,"column":63}},"198":{"start":{"line":518,"column":18},"end":{"line":518,"column":74}},"199":{"start":{"line":519,"column":18},"end":{"line":519,"column":84}},"200":{"start":{"line":520,"column":18},"end":{"line":520,"column":34}},"201":{"start":{"line":521,"column":18},"end":{"line":521,"column":43}},"202":{"start":{"line":530,"column":18},"end":{"line":530,"column":37}},"203":{"start":{"line":531,"column":18},"end":{"line":531,"column":43}},"204":{"start":{"line":554,"column":29},"end":{"line":554,"column":44}},"205":{"start":{"line":568,"column":12},"end":{"line":609,"column":18}},"206":{"start":{"line":573,"column":31},"end":{"line":573,"column":53}},"207":{"start":{"line":594,"column":18},"end":{"line":606,"column":27}},"208":{"start":{"line":596,"column":35},"end":{"line":596,"column":66}}},"fnMap":{"0":{"name":"(anonymous_0)","decl":{"start":{"line":7,"column":27},"end":{"line":7,"column":28}},"loc":{"start":{"line":7,"column":39},"end":{"line":26,"column":3}},"line":7},"1":{"name":"(anonymous_1)","decl":{"start":{"line":9,"column":22},"end":{"line":9,"column":23}},"loc":{"start":{"line":9,"column":33},"end":{"line":9,"column":57}},"line":9},"2":{"name":"(anonymous_2)","decl":{"start":{"line":18,"column":72},"end":{"line":18,"column":73}},"loc":{"start":{"line":18,"column":83},"end":{"line":24,"column":7}},"line":18},"3":{"name":"(anonymous_3)","decl":{"start":{"line":28,"column":15},"end":{"line":28,"column":16}},"loc":{"start":{"line":28,"column":48},"end":{"line":33,"column":3}},"line":28},"4":{"name":"(anonymous_4)","decl":{"start":{"line":30,"column":22},"end":{"line":30,"column":23}},"loc":{"start":{"line":30,"column":33},"end":{"line":30,"column":57}},"line":30},"5":{"name":"(anonymous_5)","decl":{"start":{"line":37,"column":23},"end":{"line":37,"column":24}},"loc":{"start":{"line":37,"column":36},"end":{"line":41,"column":1}},"line":37},"6":{"name":"PlexMusicRater","decl":{"start":{"line":43,"column":24},"end":{"line":43,"column":38}},"loc":{"start":{"line":43,"column":41},"end":{"line":620,"column":1}},"line":43},"7":{"name":"(anonymous_7)","decl":{"start":{"line":70,"column":12},"end":{"line":70,"column":13}},"loc":{"start":{"line":70,"column":18},"end":{"line":77,"column":3}},"line":70},"8":{"name":"(anonymous_8)","decl":{"start":{"line":79,"column":12},"end":{"line":79,"column":13}},"loc":{"start":{"line":79,"column":18},"end":{"line":82,"column":3}},"line":79},"9":{"name":"(anonymous_9)","decl":{"start":{"line":84,"column":24},"end":{"line":84,"column":25}},"loc":{"start":{"line":84,"column":36},"end":{"line":142,"column":3}},"line":84},"10":{"name":"(anonymous_10)","decl":{"start":{"line":104,"column":37},"end":{"line":104,"column":38}},"loc":{"start":{"line":104,"column":44},"end":{"line":104,"column":79}},"line":104},"11":{"name":"(anonymous_11)","decl":{"start":{"line":108,"column":36},"end":{"line":108,"column":37}},"loc":{"start":{"line":108,"column":43},"end":{"line":108,"column":63}},"line":108},"12":{"name":"(anonymous_12)","decl":{"start":{"line":144,"column":27},"end":{"line":144,"column":28}},"loc":{"start":{"line":144,"column":33},"end":{"line":152,"column":3}},"line":144},"13":{"name":"(anonymous_13)","decl":{"start":{"line":154,"column":24},"end":{"line":154,"column":25}},"loc":{"start":{"line":154,"column":63},"end":{"line":203,"column":3}},"line":154},"14":{"name":"(anonymous_14)","decl":{"start":{"line":161,"column":39},"end":{"line":161,"column":40}},"loc":{"start":{"line":161,"column":54},"end":{"line":163,"column":5}},"line":161},"15":{"name":"(anonymous_15)","decl":{"start":{"line":162,"column":17},"end":{"line":162,"column":18}},"loc":{"start":{"line":162,"column":23},"end":{"line":162,"column":98}},"line":162},"16":{"name":"(anonymous_16)","decl":{"start":{"line":205,"column":22},"end":{"line":205,"column":23}},"loc":{"start":{"line":205,"column":34},"end":{"line":223,"column":3}},"line":205},"17":{"name":"(anonymous_17)","decl":{"start":{"line":216,"column":17},"end":{"line":216,"column":18}},"loc":{"start":{"line":216,"column":23},"end":{"line":216,"column":44}},"line":216},"18":{"name":"(anonymous_18)","decl":{"start":{"line":225,"column":26},"end":{"line":225,"column":27}},"loc":{"start":{"line":225,"column":53},"end":{"line":248,"column":3}},"line":225},"19":{"name":"(anonymous_19)","decl":{"start":{"line":236,"column":17},"end":{"line":236,"column":18}},"loc":{"start":{"line":236,"column":26},"end":{"line":239,"column":7}},"line":236},"20":{"name":"(anonymous_20)","decl":{"start":{"line":243,"column":17},"end":{"line":243,"column":18}},"loc":{"start":{"line":243,"column":23},"end":{"line":243,"column":44}},"line":243},"21":{"name":"(anonymous_21)","decl":{"start":{"line":250,"column":26},"end":{"line":250,"column":27}},"loc":{"start":{"line":250,"column":37},"end":{"line":291,"column":3}},"line":250},"22":{"name":"(anonymous_22)","decl":{"start":{"line":284,"column":17},"end":{"line":284,"column":18}},"loc":{"start":{"line":284,"column":23},"end":{"line":289,"column":7}},"line":284},"23":{"name":"(anonymous_23)","decl":{"start":{"line":293,"column":28},"end":{"line":293,"column":29}},"loc":{"start":{"line":293,"column":35},"end":{"line":299,"column":3}},"line":293},"24":{"name":"(anonymous_24)","decl":{"start":{"line":295,"column":25},"end":{"line":295,"column":26}},"loc":{"start":{"line":295,"column":34},"end":{"line":298,"column":5}},"line":295},"25":{"name":"(anonymous_25)","decl":{"start":{"line":301,"column":22},"end":{"line":301,"column":23}},"loc":{"start":{"line":301,"column":28},"end":{"line":303,"column":3}},"line":301},"26":{"name":"(anonymous_26)","decl":{"start":{"line":311,"column":53},"end":{"line":311,"column":54}},"loc":{"start":{"line":311,"column":60},"end":{"line":314,"column":9}},"line":311},"27":{"name":"(anonymous_27)","decl":{"start":{"line":358,"column":23},"end":{"line":358,"column":24}},"loc":{"start":{"line":358,"column":29},"end":{"line":362,"column":15}},"line":358},"28":{"name":"(anonymous_28)","decl":{"start":{"line":399,"column":19},"end":{"line":399,"column":20}},"loc":{"start":{"line":399,"column":25},"end":{"line":399,"column":40}},"line":399},"29":{"name":"(anonymous_29)","decl":{"start":{"line":411,"column":25},"end":{"line":411,"column":26}},"loc":{"start":{"line":411,"column":31},"end":{"line":411,"column":54}},"line":411},"30":{"name":"(anonymous_30)","decl":{"start":{"line":426,"column":25},"end":{"line":426,"column":26}},"loc":{"start":{"line":426,"column":31},"end":{"line":426,"column":55}},"line":426},"31":{"name":"(anonymous_31)","decl":{"start":{"line":440,"column":28},"end":{"line":440,"column":29}},"loc":{"start":{"line":440,"column":35},"end":{"line":446,"column":19}},"line":440},"32":{"name":"(anonymous_32)","decl":{"start":{"line":449,"column":33},"end":{"line":449,"column":34}},"loc":{"start":{"line":450,"column":20},"end":{"line":450,"column":78}},"line":450},"33":{"name":"(anonymous_33)","decl":{"start":{"line":471,"column":28},"end":{"line":471,"column":29}},"loc":{"start":{"line":471,"column":35},"end":{"line":475,"column":19}},"line":471},"34":{"name":"(anonymous_34)","decl":{"start":{"line":494,"column":28},"end":{"line":494,"column":29}},"loc":{"start":{"line":494,"column":35},"end":{"line":504,"column":19}},"line":494},"35":{"name":"(anonymous_35)","decl":{"start":{"line":515,"column":25},"end":{"line":515,"column":26}},"loc":{"start":{"line":515,"column":31},"end":{"line":522,"column":17}},"line":515},"36":{"name":"(anonymous_36)","decl":{"start":{"line":529,"column":25},"end":{"line":529,"column":26}},"loc":{"start":{"line":529,"column":31},"end":{"line":532,"column":17}},"line":529},"37":{"name":"(anonymous_37)","decl":{"start":{"line":554,"column":23},"end":{"line":554,"column":24}},"loc":{"start":{"line":554,"column":29},"end":{"line":554,"column":44}},"line":554},"38":{"name":"(anonymous_38)","decl":{"start":{"line":567,"column":28},"end":{"line":567,"column":29}},"loc":{"start":{"line":568,"column":12},"end":{"line":609,"column":18}},"line":568},"39":{"name":"(anonymous_39)","decl":{"start":{"line":573,"column":25},"end":{"line":573,"column":26}},"loc":{"start":{"line":573,"column":31},"end":{"line":573,"column":53}},"line":573},"40":{"name":"(anonymous_40)","decl":{"start":{"line":593,"column":37},"end":{"line":593,"column":38}},"loc":{"start":{"line":594,"column":18},"end":{"line":606,"column":27}},"line":594},"41":{"name":"(anonymous_41)","decl":{"start":{"line":596,"column":29},"end":{"line":596,"column":30}},"loc":{"start":{"line":596,"column":35},"end":{"line":596,"column":66}},"line":596}},"branchMap":{"0":{"loc":{"start":{"line":53,"column":57},"end":{"line":53,"column":104}},"type":"binary-expr","locations":[{"start":{"line":53,"column":57},"end":{"line":53,"column":96}},{"start":{"line":53,"column":100},"end":{"line":53,"column":104}}],"line":53},"1":{"loc":{"start":{"line":57,"column":4},"end":{"line":57,"column":60}},"type":"binary-expr","locations":[{"start":{"line":57,"column":4},"end":{"line":57,"column":44}},{"start":{"line":57,"column":48},"end":{"line":57,"column":60}}],"line":57},"2":{"loc":{"start":{"line":60,"column":4},"end":{"line":60,"column":57}},"type":"binary-expr","locations":[{"start":{"line":60,"column":4},"end":{"line":60,"column":49}},{"start":{"line":60,"column":53},"end":{"line":60,"column":57}}],"line":60},"3":{"loc":{"start":{"line":65,"column":15},"end":{"line":65,"column":84}},"type":"binary-expr","locations":[{"start":{"line":65,"column":15},"end":{"line":65,"column":52}},{"start":{"line":65,"column":56},"end":{"line":65,"column":84}}],"line":65},"4":{"loc":{"start":{"line":66,"column":11},"end":{"line":66,"column":50}},"type":"binary-expr","locations":[{"start":{"line":66,"column":11},"end":{"line":66,"column":44}},{"start":{"line":66,"column":48},"end":{"line":66,"column":50}}],"line":66},"5":{"loc":{"start":{"line":72,"column":4},"end":{"line":76,"column":5}},"type":"if","locations":[{"start":{"line":72,"column":4},"end":{"line":76,"column":5}},{"start":{"line":74,"column":11},"end":{"line":76,"column":5}}],"line":72},"6":{"loc":{"start":{"line":72,"column":8},"end":{"line":72,"column":62}},"type":"binary-expr","locations":[{"start":{"line":72,"column":8},"end":{"line":72,"column":35}},{"start":{"line":72,"column":39},"end":{"line":72,"column":62}}],"line":72},"7":{"loc":{"start":{"line":80,"column":56},"end":{"line":80,"column":85}},"type":"cond-expr","locations":[{"start":{"line":80,"column":69},"end":{"line":80,"column":75}},{"start":{"line":80,"column":78},"end":{"line":80,"column":85}}],"line":80},"8":{"loc":{"start":{"line":92,"column":6},"end":{"line":135,"column":7}},"type":"if","locations":[{"start":{"line":92,"column":6},"end":{"line":135,"column":7}},{"start":{"line":133,"column":13},"end":{"line":135,"column":7}}],"line":92},"9":{"loc":{"start":{"line":101,"column":8},"end":{"line":132,"column":9}},"type":"if","locations":[{"start":{"line":101,"column":8},"end":{"line":132,"column":9}},{"start":{},"end":{}}],"line":101},"10":{"loc":{"start":{"line":108,"column":10},"end":{"line":118,"column":11}},"type":"if","locations":[{"start":{"line":108,"column":10},"end":{"line":118,"column":11}},{"start":{"line":112,"column":15},"end":{"line":118,"column":11}}],"line":108},"11":{"loc":{"start":{"line":108,"column":14},"end":{"line":108,"column":64}},"type":"binary-expr","locations":[{"start":{"line":108,"column":14},"end":{"line":108,"column":22}},{"start":{"line":108,"column":26},"end":{"line":108,"column":64}}],"line":108},"12":{"loc":{"start":{"line":112,"column":15},"end":{"line":118,"column":11}},"type":"if","locations":[{"start":{"line":112,"column":15},"end":{"line":118,"column":11}},{"start":{"line":116,"column":15},"end":{"line":118,"column":11}}],"line":112},"13":{"loc":{"start":{"line":154,"column":31},"end":{"line":154,"column":58}},"type":"default-arg","locations":[{"start":{"line":154,"column":43},"end":{"line":154,"column":58}}],"line":154},"14":{"loc":{"start":{"line":155,"column":4},"end":{"line":155,"column":27}},"type":"if","locations":[{"start":{"line":155,"column":4},"end":{"line":155,"column":27}},{"start":{},"end":{}}],"line":155},"15":{"loc":{"start":{"line":167,"column":6},"end":{"line":174,"column":7}},"type":"if","locations":[{"start":{"line":167,"column":6},"end":{"line":174,"column":7}},{"start":{"line":172,"column":13},"end":{"line":174,"column":7}}],"line":167},"16":{"loc":{"start":{"line":181,"column":6},"end":{"line":184,"column":7}},"type":"if","locations":[{"start":{"line":181,"column":6},"end":{"line":184,"column":7}},{"start":{},"end":{}}],"line":181},"17":{"loc":{"start":{"line":189,"column":6},"end":{"line":197,"column":7}},"type":"if","locations":[{"start":{"line":189,"column":6},"end":{"line":197,"column":7}},{"start":{},"end":{}}],"line":189},"18":{"loc":{"start":{"line":206,"column":4},"end":{"line":206,"column":50}},"type":"if","locations":[{"start":{"line":206,"column":4},"end":{"line":206,"column":50}},{"start":{},"end":{}}],"line":206},"19":{"loc":{"start":{"line":210,"column":6},"end":{"line":214,"column":7}},"type":"if","locations":[{"start":{"line":210,"column":6},"end":{"line":214,"column":7}},{"start":{"line":212,"column":13},"end":{"line":214,"column":7}}],"line":210},"20":{"loc":{"start":{"line":228,"column":6},"end":{"line":233,"column":7}},"type":"if","locations":[{"start":{"line":228,"column":6},"end":{"line":233,"column":7}},{"start":{"line":231,"column":13},"end":{"line":233,"column":7}}],"line":228},"21":{"loc":{"start":{"line":251,"column":4},"end":{"line":254,"column":5}},"type":"if","locations":[{"start":{"line":251,"column":4},"end":{"line":254,"column":5}},{"start":{},"end":{}}],"line":251},"22":{"loc":{"start":{"line":256,"column":4},"end":{"line":290,"column":5}},"type":"if","locations":[{"start":{"line":256,"column":4},"end":{"line":290,"column":5}},{"start":{"line":263,"column":11},"end":{"line":290,"column":5}}],"line":256},"23":{"loc":{"start":{"line":256,"column":8},"end":{"line":256,"column":52}},"type":"binary-expr","locations":[{"start":{"line":256,"column":8},"end":{"line":256,"column":20}},{"start":{"line":256,"column":24},"end":{"line":256,"column":52}}],"line":256},"24":{"loc":{"start":{"line":257,"column":6},"end":{"line":261,"column":7}},"type":"if","locations":[{"start":{"line":257,"column":6},"end":{"line":261,"column":7}},{"start":{"line":259,"column":13},"end":{"line":261,"column":7}}],"line":257},"25":{"loc":{"start":{"line":264,"column":6},"end":{"line":266,"column":7}},"type":"if","locations":[{"start":{"line":264,"column":6},"end":{"line":266,"column":7}},{"start":{},"end":{}}],"line":264},"26":{"loc":{"start":{"line":271,"column":6},"end":{"line":275,"column":7}},"type":"if","locations":[{"start":{"line":271,"column":6},"end":{"line":275,"column":7}},{"start":{"line":273,"column":13},"end":{"line":275,"column":7}}],"line":271},"27":{"loc":{"start":{"line":285,"column":8},"end":{"line":288,"column":9}},"type":"if","locations":[{"start":{"line":285,"column":8},"end":{"line":288,"column":9}},{"start":{},"end":{}}],"line":285},"28":{"loc":{"start":{"line":285,"column":12},"end":{"line":285,"column":56}},"type":"binary-expr","locations":[{"start":{"line":285,"column":12},"end":{"line":285,"column":28}},{"start":{"line":285,"column":32},"end":{"line":285,"column":56}}],"line":285},"29":{"loc":{"start":{"line":306,"column":2},"end":{"line":382,"column":3}},"type":"if","locations":[{"start":{"line":306,"column":2},"end":{"line":382,"column":3}},{"start":{},"end":{}}],"line":306},"30":{"loc":{"start":{"line":306,"column":6},"end":{"line":306,"column":30}},"type":"binary-expr","locations":[{"start":{"line":306,"column":6},"end":{"line":306,"column":18}},{"start":{"line":306,"column":22},"end":{"line":306,"column":30}}],"line":306},"31":{"loc":{"start":{"line":322,"column":21},"end":{"line":322,"column":80}},"type":"binary-expr","locations":[{"start":{"line":322,"column":21},"end":{"line":322,"column":48}},{"start":{"line":322,"column":52},"end":{"line":322,"column":80}}],"line":322},"32":{"loc":{"start":{"line":384,"column":2},"end":{"line":390,"column":3}},"type":"if","locations":[{"start":{"line":384,"column":2},"end":{"line":390,"column":3}},{"start":{},"end":{}}],"line":384},"33":{"loc":{"start":{"line":392,"column":2},"end":{"line":406,"column":3}},"type":"if","locations":[{"start":{"line":392,"column":2},"end":{"line":406,"column":3}},{"start":{},"end":{}}],"line":392},"34":{"loc":{"start":{"line":415,"column":11},"end":{"line":415,"column":82}},"type":"cond-expr","locations":[{"start":{"line":415,"column":24},"end":{"line":415,"column":51}},{"start":{"line":415,"column":54},"end":{"line":415,"column":82}}],"line":415},"35":{"loc":{"start":{"line":420,"column":7},"end":{"line":540,"column":7}},"type":"binary-expr","locations":[{"start":{"line":420,"column":7},"end":{"line":420,"column":21}},{"start":{"line":421,"column":8},"end":{"line":539,"column":14}}],"line":420},"36":{"loc":{"start":{"line":439,"column":25},"end":{"line":439,"column":46}},"type":"binary-expr","locations":[{"start":{"line":439,"column":25},"end":{"line":439,"column":40}},{"start":{"line":439,"column":44},"end":{"line":439,"column":46}}],"line":439},"37":{"loc":{"start":{"line":474,"column":42},"end":{"line":474,"column":84}},"type":"cond-expr","locations":[{"start":{"line":474,"column":74},"end":{"line":474,"column":78}},{"start":{"line":474,"column":81},"end":{"line":474,"column":84}}],"line":474},"38":{"loc":{"start":{"line":485,"column":19},"end":{"line":487,"column":74}},"type":"cond-expr","locations":[{"start":{"line":486,"column":22},"end":{"line":486,"column":73}},{"start":{"line":487,"column":22},"end":{"line":487,"column":74}}],"line":485},"39":{"loc":{"start":{"line":491,"column":23},"end":{"line":491,"column":65}},"type":"cond-expr","locations":[{"start":{"line":491,"column":56},"end":{"line":491,"column":59}},{"start":{"line":491,"column":62},"end":{"line":491,"column":65}}],"line":491},"40":{"loc":{"start":{"line":492,"column":23},"end":{"line":492,"column":70}},"type":"cond-expr","locations":[{"start":{"line":492,"column":56},"end":{"line":492,"column":61}},{"start":{"line":492,"column":64},"end":{"line":492,"column":70}}],"line":492},"41":{"loc":{"start":{"line":497,"column":20},"end":{"line":497,"column":48}},"type":"if","locations":[{"start":{"line":497,"column":20},"end":{"line":497,"column":48}},{"start":{},"end":{}}],"line":497},"42":{"loc":{"start":{"line":498,"column":20},"end":{"line":502,"column":21}},"type":"if","locations":[{"start":{"line":498,"column":20},"end":{"line":502,"column":21}},{"start":{"line":500,"column":27},"end":{"line":502,"column":21}}],"line":498},"43":{"loc":{"start":{"line":499,"column":22},"end":{"line":499,"column":65}},"type":"if","locations":[{"start":{"line":499,"column":22},"end":{"line":499,"column":65}},{"start":{},"end":{}}],"line":499},"44":{"loc":{"start":{"line":499,"column":26},"end":{"line":499,"column":56}},"type":"binary-expr","locations":[{"start":{"line":499,"column":26},"end":{"line":499,"column":38}},{"start":{"line":499,"column":42},"end":{"line":499,"column":56}}],"line":499},"45":{"loc":{"start":{"line":501,"column":22},"end":{"line":501,"column":66}},"type":"if","locations":[{"start":{"line":501,"column":22},"end":{"line":501,"column":66}},{"start":{},"end":{}}],"line":501},"46":{"loc":{"start":{"line":501,"column":26},"end":{"line":501,"column":57}},"type":"binary-expr","locations":[{"start":{"line":501,"column":26},"end":{"line":501,"column":38}},{"start":{"line":501,"column":42},"end":{"line":501,"column":57}}],"line":501},"47":{"loc":{"start":{"line":508,"column":19},"end":{"line":510,"column":56}},"type":"cond-expr","locations":[{"start":{"line":509,"column":22},"end":{"line":509,"column":55}},{"start":{"line":510,"column":22},"end":{"line":510,"column":56}}],"line":508},"48":{"loc":{"start":{"line":575,"column":18},"end":{"line":577,"column":68}},"type":"cond-expr","locations":[{"start":{"line":576,"column":22},"end":{"line":576,"column":64}},{"start":{"line":577,"column":22},"end":{"line":577,"column":68}}],"line":575},"49":{"loc":{"start":{"line":579,"column":23},"end":{"line":579,"column":91}},"type":"cond-expr","locations":[{"start":{"line":579,"column":42},"end":{"line":579,"column":66}},{"start":{"line":579,"column":69},"end":{"line":579,"column":91}}],"line":579},"50":{"loc":{"start":{"line":582,"column":17},"end":{"line":586,"column":17}},"type":"cond-expr","locations":[{"start":{"line":583,"column":18},"end":{"line":583,"column":47}},{"start":{"line":585,"column":18},"end":{"line":585,"column":46}}],"line":582},"51":{"loc":{"start":{"line":582,"column":17},"end":{"line":582,"column":59}},"type":"binary-expr","locations":[{"start":{"line":582,"column":17},"end":{"line":582,"column":46}},{"start":{"line":582,"column":50},"end":{"line":582,"column":59}}],"line":582},"52":{"loc":{"start":{"line":601,"column":24},"end":{"line":603,"column":43}},"type":"cond-expr","locations":[{"start":{"line":602,"column":28},"end":{"line":602,"column":61}},{"start":{"line":603,"column":28},"end":{"line":603,"column":43}}],"line":601},"53":{"loc":{"start":{"line":601,"column":25},"end":{"line":601,"column":63}},"type":"binary-expr","locations":[{"start":{"line":601,"column":25},"end":{"line":601,"column":42}},{"start":{"line":601,"column":46},"end":{"line":601,"column":58}},{"start":{"line":601,"column":62},"end":{"line":601,"column":63}}],"line":601},"54":{"loc":{"start":{"line":613,"column":7},"end":{"line":617,"column":7}},"type":"binary-expr","locations":[{"start":{"line":613,"column":7},"end":{"line":613,"column":18}},{"start":{"line":614,"column":8},"end":{"line":616,"column":14}}],"line":613}},"s":{"0":1,"1":0,"2":0,"3":0,"4":0,"5":0,"6":0,"7":0,"8":0,"9":1,"10":1,"11":1,"12":1,"13":12,"14":12,"15":12,"16":12,"17":12,"18":12,"19":12,"20":12,"21":12,"22":12,"23":12,"24":12,"25":12,"26":12,"27":12,"28":12,"29":12,"30":12,"31":12,"32":4,"33":0,"34":4,"35":12,"36":4,"37":4,"38":12,"39":1,"40":1,"41":1,"42":1,"43":1,"44":1,"45":1,"46":1,"47":1,"48":1,"49":1,"50":1,"51":1,"52":1,"53":0,"54":0,"55":1,"56":1,"57":0,"58":1,"59":1,"60":1,"61":1,"62":1,"63":0,"64":0,"65":0,"66":0,"67":0,"68":1,"69":12,"70":0,"71":0,"72":0,"73":0,"74":0,"75":0,"76":0,"77":12,"78":0,"79":0,"80":0,"81":0,"82":0,"83":0,"84":0,"85":0,"86":0,"87":0,"88":0,"89":0,"90":0,"91":0,"92":0,"93":0,"94":0,"95":0,"96":0,"97":0,"98":0,"99":0,"100":0,"101":0,"102":0,"103":0,"104":0,"105":0,"106":0,"107":12,"108":0,"109":0,"110":0,"111":0,"112":0,"113":0,"114":0,"115":0,"116":0,"117":0,"118":0,"119":0,"120":0,"121":12,"122":0,"123":0,"124":0,"125":0,"126":0,"127":0,"128":0,"129":0,"130":0,"131":0,"132":0,"133":0,"134":12,"135":0,"136":0,"137":0,"138":0,"139":0,"140":0,"141":0,"142":0,"143":0,"144":0,"145":0,"146":0,"147":0,"148":0,"149":0,"150":0,"151":0,"152":0,"153":0,"154":0,"155":0,"156":12,"157":2,"158":2,"159":2,"160":12,"161":0,"162":12,"163":6,"164":1,"165":1,"166":0,"167":0,"168":0,"169":6,"170":5,"171":1,"172":0,"173":0,"174":1,"175":0,"176":0,"177":0,"178":0,"179":0,"180":0,"181":0,"182":0,"183":0,"184":0,"185":0,"186":0,"187":0,"188":0,"189":0,"190":0,"191":0,"192":0,"193":0,"194":0,"195":0,"196":0,"197":0,"198":0,"199":0,"200":0,"201":0,"202":0,"203":0,"204":0,"205":1,"206":0,"207":5,"208":0},"f":{"0":0,"1":0,"2":0,"3":0,"4":0,"5":1,"6":12,"7":4,"8":4,"9":1,"10":1,"11":0,"12":0,"13":0,"14":0,"15":0,"16":0,"17":0,"18":0,"19":0,"20":0,"21":0,"22":0,"23":2,"24":2,"25":0,"26":1,"27":0,"28":0,"29":0,"30":0,"31":0,"32":0,"33":0,"34":0,"35":0,"36":0,"37":0,"38":1,"39":0,"40":5,"41":0},"b":{"0":[12,12],"1":[12,12],"2":[12,12],"3":[12,12],"4":[12,12],"5":[0,4],"6":[4,4],"7":[0,4],"8":[1,0],"9":[1,0],"10":[0,1],"11":[1,0],"12":[1,0],"13":[0],"14":[0,0],"15":[0,0],"16":[0,0],"17":[0,0],"18":[0,0],"19":[0,0],"20":[0,0],"21":[0,0],"22":[0,0],"23":[0,0],"24":[0,0],"25":[0,0],"26":[0,0],"27":[0,0],"28":[0,0],"29":[6,6],"30":[12,11],"31":[6,0],"32":[5,1],"33":[0,1],"34":[0,1],"35":[1,0],"36":[0,0],"37":[0,0],"38":[0,0],"39":[0,0],"40":[0,0],"41":[0,0],"42":[0,0],"43":[0,0],"44":[0,0],"45":[0,0],"46":[0,0],"47":[0,0],"48":[0,1],"49":[0,1],"50":[0,1],"51":[1,0],"52":[0,5],"53":[5,5,5],"54":[1,0]},"_coverageSchema":"1a1c01bbd47fc00a2c39e90264f33305004495a9","hash":"0c3e76072390fc20cc6eb7f82b33fa07910c2877"}
,"/Users/kd/scripts/plex-music-rater/src/plex-service.js": {"path":"/Users/kd/scripts/plex-music-rater/src/plex-service.js","statementMap":{"0":{"start":{"line":4,"column":4},"end":{"line":4,"column":22}},"1":{"start":{"line":5,"column":4},"end":{"line":5,"column":20}},"2":{"start":{"line":6,"column":4},"end":{"line":9,"column":6}},"3":{"start":{"line":10,"column":4},"end":{"line":10,"column":41}},"4":{"start":{"line":14,"column":4},"end":{"line":14,"column":29}},"5":{"start":{"line":15,"column":4},"end":{"line":15,"column":23}},"6":{"start":{"line":16,"column":4},"end":{"line":16,"column":41}},"7":{"start":{"line":19,"column":4},"end":{"line":26,"column":5}},"8":{"start":{"line":20,"column":23},"end":{"line":20,"column":50}},"9":{"start":{"line":21,"column":6},"end":{"line":21,"column":59}},"10":{"start":{"line":22,"column":6},"end":{"line":22,"column":18}},"11":{"start":{"line":24,"column":6},"end":{"line":24,"column":64}},"12":{"start":{"line":25,"column":6},"end":{"line":25,"column":19}},"13":{"start":{"line":30,"column":21},"end":{"line":32,"column":6}},"14":{"start":{"line":34,"column":4},"end":{"line":36,"column":5}},"15":{"start":{"line":35,"column":6},"end":{"line":35,"column":71}},"16":{"start":{"line":38,"column":17},"end":{"line":38,"column":38}},"17":{"start":{"line":39,"column":4},"end":{"line":39,"column":78}},"18":{"start":{"line":39,"column":55},"end":{"line":39,"column":76}},"19":{"start":{"line":44,"column":21},"end":{"line":46,"column":6}},"20":{"start":{"line":48,"column":4},"end":{"line":50,"column":5}},"21":{"start":{"line":49,"column":6},"end":{"line":49,"column":68}},"22":{"start":{"line":52,"column":17},"end":{"line":52,"column":38}},"23":{"start":{"line":53,"column":19},"end":{"line":53,"column":47}},"24":{"start":{"line":56,"column":27},"end":{"line":56,"column":70}},"25":{"start":{"line":56,"column":50},"end":{"line":56,"column":69}},"26":{"start":{"line":59,"column":26},"end":{"line":59,"column":28}},"27":{"start":{"line":60,"column":24},"end":{"line":60,"column":25}},"28":{"start":{"line":61,"column":29},"end":{"line":61,"column":31}},"29":{"start":{"line":63,"column":4},"end":{"line":128,"column":5}},"30":{"start":{"line":65,"column":6},"end":{"line":67,"column":7}},"31":{"start":{"line":66,"column":8},"end":{"line":66,"column":14}},"32":{"start":{"line":68,"column":6},"end":{"line":68,"column":22}},"33":{"start":{"line":71,"column":6},"end":{"line":73,"column":7}},"34":{"start":{"line":72,"column":8},"end":{"line":72,"column":17}},"35":{"start":{"line":75,"column":29},"end":{"line":77,"column":8}},"36":{"start":{"line":79,"column":6},"end":{"line":79,"column":39}},"37":{"start":{"line":79,"column":30},"end":{"line":79,"column":39}},"38":{"start":{"line":81,"column":25},"end":{"line":81,"column":52}},"39":{"start":{"line":82,"column":21},"end":{"line":82,"column":55}},"40":{"start":{"line":85,"column":28},"end":{"line":85,"column":82}},"41":{"start":{"line":85,"column":51},"end":{"line":85,"column":81}},"42":{"start":{"line":86,"column":27},"end":{"line":86,"column":47}},"43":{"start":{"line":87,"column":26},"end":{"line":87,"column":39}},"44":{"start":{"line":90,"column":28},"end":{"line":90,"column":84}},"45":{"start":{"line":91,"column":29},"end":{"line":91,"column":96}},"46":{"start":{"line":94,"column":33},"end":{"line":94,"column":111}},"47":{"start":{"line":95,"column":34},"end":{"line":97,"column":76}},"48":{"start":{"line":100,"column":27},"end":{"line":100,"column":32}},"49":{"start":{"line":101,"column":6},"end":{"line":106,"column":7}},"50":{"start":{"line":102,"column":34},"end":{"line":102,"column":68}},"51":{"start":{"line":103,"column":8},"end":{"line":103,"column":66}},"52":{"start":{"line":105,"column":8},"end":{"line":105,"column":61}},"53":{"start":{"line":108,"column":6},"end":{"line":127,"column":7}},"54":{"start":{"line":109,"column":8},"end":{"line":123,"column":11}},"55":{"start":{"line":115,"column":39},"end":{"line":122,"column":11}},"56":{"start":{"line":126,"column":8},"end":{"line":126,"column":46}},"57":{"start":{"line":126,"column":40},"end":{"line":126,"column":46}},"58":{"start":{"line":131,"column":4},"end":{"line":138,"column":5}},"59":{"start":{"line":133,"column":6},"end":{"line":136,"column":7}},"60":{"start":{"line":134,"column":8},"end":{"line":134,"column":41}},"61":{"start":{"line":135,"column":8},"end":{"line":135,"column":55}},"62":{"start":{"line":137,"column":6},"end":{"line":137,"column":71}},"63":{"start":{"line":140,"column":26},"end":{"line":140,"column":89}},"64":{"start":{"line":143,"column":4},"end":{"line":143,"column":51}},"65":{"start":{"line":146,"column":4},"end":{"line":149,"column":5}},"66":{"start":{"line":147,"column":26},"end":{"line":147,"column":50}},"67":{"start":{"line":148,"column":6},"end":{"line":148,"column":49}},"68":{"start":{"line":151,"column":4},"end":{"line":151,"column":25}},"69":{"start":{"line":155,"column":4},"end":{"line":155,"column":49}},"70":{"start":{"line":156,"column":25},"end":{"line":171,"column":6}},"71":{"start":{"line":158,"column":25},"end":{"line":158,"column":35}},"72":{"start":{"line":159,"column":18},"end":{"line":159,"column":117}},"73":{"start":{"line":160,"column":6},"end":{"line":160,"column":48}},"74":{"start":{"line":161,"column":6},"end":{"line":170,"column":9}},"75":{"start":{"line":165,"column":8},"end":{"line":168,"column":9}},"76":{"start":{"line":166,"column":10},"end":{"line":166,"column":109}},"77":{"start":{"line":167,"column":10},"end":{"line":167,"column":77}},"78":{"start":{"line":169,"column":8},"end":{"line":169,"column":24}},"79":{"start":{"line":173,"column":20},"end":{"line":173,"column":51}},"80":{"start":{"line":174,"column":4},"end":{"line":174,"column":42}},"81":{"start":{"line":177,"column":26},"end":{"line":177,"column":64}},"82":{"start":{"line":177,"column":52},"end":{"line":177,"column":63}},"83":{"start":{"line":179,"column":4},"end":{"line":181,"column":5}},"84":{"start":{"line":180,"column":6},"end":{"line":180,"column":53}},"85":{"start":{"line":183,"column":4},"end":{"line":183,"column":29}},"86":{"start":{"line":190,"column":4},"end":{"line":190,"column":118}}},"fnMap":{"0":{"name":"(anonymous_0)","decl":{"start":{"line":3,"column":2},"end":{"line":3,"column":3}},"loc":{"start":{"line":3,"column":16},"end":{"line":11,"column":3}},"line":3},"1":{"name":"(anonymous_1)","decl":{"start":{"line":13,"column":2},"end":{"line":13,"column":3}},"loc":{"start":{"line":13,"column":37},"end":{"line":27,"column":3}},"line":13},"2":{"name":"(anonymous_2)","decl":{"start":{"line":29,"column":2},"end":{"line":29,"column":3}},"loc":{"start":{"line":29,"column":25},"end":{"line":40,"column":3}},"line":29},"3":{"name":"(anonymous_3)","decl":{"start":{"line":39,"column":48},"end":{"line":39,"column":49}},"loc":{"start":{"line":39,"column":55},"end":{"line":39,"column":76}},"line":39},"4":{"name":"(anonymous_4)","decl":{"start":{"line":42,"column":2},"end":{"line":42,"column":3}},"loc":{"start":{"line":42,"column":43},"end":{"line":152,"column":3}},"line":42},"5":{"name":"(anonymous_5)","decl":{"start":{"line":56,"column":44},"end":{"line":56,"column":45}},"loc":{"start":{"line":56,"column":50},"end":{"line":56,"column":69}},"line":56},"6":{"name":"(anonymous_6)","decl":{"start":{"line":85,"column":42},"end":{"line":85,"column":43}},"loc":{"start":{"line":85,"column":51},"end":{"line":85,"column":81}},"line":85},"7":{"name":"(anonymous_7)","decl":{"start":{"line":115,"column":29},"end":{"line":115,"column":30}},"loc":{"start":{"line":115,"column":39},"end":{"line":122,"column":11}},"line":115},"8":{"name":"(anonymous_8)","decl":{"start":{"line":154,"column":2},"end":{"line":154,"column":3}},"loc":{"start":{"line":154,"column":34},"end":{"line":184,"column":3}},"line":154},"9":{"name":"(anonymous_9)","decl":{"start":{"line":156,"column":58},"end":{"line":156,"column":59}},"loc":{"start":{"line":156,"column":81},"end":{"line":171,"column":5}},"line":156},"10":{"name":"(anonymous_10)","decl":{"start":{"line":164,"column":14},"end":{"line":164,"column":15}},"loc":{"start":{"line":164,"column":26},"end":{"line":170,"column":7}},"line":164},"11":{"name":"(anonymous_11)","decl":{"start":{"line":177,"column":40},"end":{"line":177,"column":41}},"loc":{"start":{"line":177,"column":52},"end":{"line":177,"column":63}},"line":177},"12":{"name":"(anonymous_12)","decl":{"start":{"line":187,"column":2},"end":{"line":187,"column":3}},"loc":{"start":{"line":187,"column":49},"end":{"line":191,"column":3}},"line":187}},"branchMap":{"0":{"loc":{"start":{"line":34,"column":4},"end":{"line":36,"column":5}},"type":"if","locations":[{"start":{"line":34,"column":4},"end":{"line":36,"column":5}},{"start":{},"end":{}}],"line":34},"1":{"loc":{"start":{"line":48,"column":4},"end":{"line":50,"column":5}},"type":"if","locations":[{"start":{"line":48,"column":4},"end":{"line":50,"column":5}},{"start":{},"end":{}}],"line":48},"2":{"loc":{"start":{"line":65,"column":6},"end":{"line":67,"column":7}},"type":"if","locations":[{"start":{"line":65,"column":6},"end":{"line":67,"column":7}},{"start":{},"end":{}}],"line":65},"3":{"loc":{"start":{"line":65,"column":10},"end":{"line":65,"column":73}},"type":"binary-expr","locations":[{"start":{"line":65,"column":10},"end":{"line":65,"column":43}},{"start":{"line":65,"column":47},"end":{"line":65,"column":73}}],"line":65},"4":{"loc":{"start":{"line":71,"column":6},"end":{"line":73,"column":7}},"type":"if","locations":[{"start":{"line":71,"column":6},"end":{"line":73,"column":7}},{"start":{},"end":{}}],"line":71},"5":{"loc":{"start":{"line":79,"column":6},"end":{"line":79,"column":39}},"type":"if","locations":[{"start":{"line":79,"column":6},"end":{"line":79,"column":39}},{"start":{},"end":{}}],"line":79},"6":{"loc":{"start":{"line":90,"column":28},"end":{"line":90,"column":84}},"type":"binary-expr","locations":[{"start":{"line":90,"column":28},"end":{"line":90,"column":68}},{"start":{"line":90,"column":72},"end":{"line":90,"column":84}}],"line":90},"7":{"loc":{"start":{"line":91,"column":38},"end":{"line":91,"column":91}},"type":"binary-expr","locations":[{"start":{"line":91,"column":38},"end":{"line":91,"column":83}},{"start":{"line":91,"column":87},"end":{"line":91,"column":91}}],"line":91},"8":{"loc":{"start":{"line":94,"column":33},"end":{"line":94,"column":111}},"type":"cond-expr","locations":[{"start":{"line":94,"column":83},"end":{"line":94,"column":96}},{"start":{"line":94,"column":99},"end":{"line":94,"column":111}}],"line":94},"9":{"loc":{"start":{"line":95,"column":34},"end":{"line":97,"column":76}},"type":"cond-expr","locations":[{"start":{"line":96,"column":10},"end":{"line":96,"column":52}},{"start":{"line":97,"column":10},"end":{"line":97,"column":76}}],"line":95},"10":{"loc":{"start":{"line":101,"column":6},"end":{"line":106,"column":7}},"type":"if","locations":[{"start":{"line":101,"column":6},"end":{"line":106,"column":7}},{"start":{"line":104,"column":13},"end":{"line":106,"column":7}}],"line":101},"11":{"loc":{"start":{"line":108,"column":6},"end":{"line":127,"column":7}},"type":"if","locations":[{"start":{"line":108,"column":6},"end":{"line":127,"column":7}},{"start":{},"end":{}}],"line":108},"12":{"loc":{"start":{"line":119,"column":24},"end":{"line":120,"column":94}},"type":"cond-expr","locations":[{"start":{"line":120,"column":14},"end":{"line":120,"column":87}},{"start":{"line":120,"column":90},"end":{"line":120,"column":94}}],"line":119},"13":{"loc":{"start":{"line":121,"column":20},"end":{"line":121,"column":41}},"type":"binary-expr","locations":[{"start":{"line":121,"column":20},"end":{"line":121,"column":36}},{"start":{"line":121,"column":40},"end":{"line":121,"column":41}}],"line":121},"14":{"loc":{"start":{"line":126,"column":8},"end":{"line":126,"column":46}},"type":"if","locations":[{"start":{"line":126,"column":8},"end":{"line":126,"column":46}},{"start":{},"end":{}}],"line":126},"15":{"loc":{"start":{"line":131,"column":4},"end":{"line":138,"column":5}},"type":"if","locations":[{"start":{"line":131,"column":4},"end":{"line":138,"column":5}},{"start":{},"end":{}}],"line":131},"16":{"loc":{"start":{"line":133,"column":6},"end":{"line":136,"column":7}},"type":"if","locations":[{"start":{"line":133,"column":6},"end":{"line":136,"column":7}},{"start":{},"end":{}}],"line":133},"17":{"loc":{"start":{"line":146,"column":4},"end":{"line":149,"column":5}},"type":"if","locations":[{"start":{"line":146,"column":4},"end":{"line":149,"column":5}},{"start":{},"end":{}}],"line":146},"18":{"loc":{"start":{"line":165,"column":8},"end":{"line":168,"column":9}},"type":"if","locations":[{"start":{"line":165,"column":8},"end":{"line":168,"column":9}},{"start":{},"end":{}}],"line":165},"19":{"loc":{"start":{"line":179,"column":4},"end":{"line":181,"column":5}},"type":"if","locations":[{"start":{"line":179,"column":4},"end":{"line":181,"column":5}},{"start":{},"end":{}}],"line":179},"20":{"loc":{"start":{"line":187,"column":33},"end":{"line":187,"column":47}},"type":"default-arg","locations":[{"start":{"line":187,"column":45},"end":{"line":187,"column":47}}],"line":187}},"s":{"0":3,"1":3,"2":3,"3":3,"4":2,"5":2,"6":2,"7":2,"8":2,"9":1,"10":1,"11":1,"12":1,"13":3,"14":2,"15":0,"16":2,"17":2,"18":4,"19":4,"20":3,"21":0,"22":3,"23":3,"24":3,"25":0,"26":3,"27":3,"28":3,"29":3,"30":3,"31":0,"32":3,"33":3,"34":0,"35":3,"36":3,"37":0,"38":3,"39":3,"40":3,"41":7,"42":3,"43":3,"44":3,"45":3,"46":3,"47":3,"48":3,"49":3,"50":3,"51":3,"52":0,"53":3,"54":3,"55":7,"56":3,"57":0,"58":3,"59":0,"60":0,"61":0,"62":0,"63":3,"64":3,"65":3,"66":0,"67":0,"68":3,"69":1,"70":1,"71":2,"72":2,"73":2,"74":2,"75":2,"76":0,"77":0,"78":2,"79":1,"80":1,"81":1,"82":2,"83":1,"84":0,"85":1,"86":0},"f":{"0":3,"1":2,"2":3,"3":4,"4":4,"5":0,"6":7,"7":7,"8":1,"9":2,"10":2,"11":2,"12":0},"b":{"0":[0,2],"1":[0,3],"2":[0,3],"3":[3,0],"4":[0,3],"5":[0,3],"6":[3,3],"7":[3,3],"8":[3,0],"9":[3,0],"10":[3,0],"11":[3,0],"12":[7,0],"13":[7,6],"14":[0,3],"15":[0,3],"16":[0,0],"17":[0,3],"18":[0,2],"19":[0,1],"20":[0]},"_coverageSchema":"1a1c01bbd47fc00a2c39e90264f33305004495a9","hash":"2458933bdfb479125eee5f8a50a652092f20cea5"}
}
