TN:
SF:src/app.js
FN:4,App
FNF:1
FNH:0
FNDA:0,App
DA:5,0
LF:1
LH:0
BRF:0
BRH:0
end_of_record
TN:
SF:src/index.js
FNF:0
FNH:0
DA:6,0
LF:1
LH:0
BRF:0
BRH:0
end_of_record
TN:
SF:src/plex-music-rater.js
FN:7,(anonymous_0)
FN:9,(anonymous_1)
FN:18,(anonymous_2)
FN:28,(anonymous_3)
FN:30,(anonymous_4)
FN:37,(anonymous_5)
FN:43,PlexMusicRater
FN:70,(anonymous_7)
FN:79,(anonymous_8)
FN:84,(anonymous_9)
FN:104,(anonymous_10)
FN:108,(anonymous_11)
FN:144,(anonymous_12)
FN:154,(anonymous_13)
FN:161,(anonymous_14)
FN:162,(anonymous_15)
FN:205,(anonymous_16)
FN:216,(anonymous_17)
FN:225,(anonymous_18)
FN:236,(anonymous_19)
FN:243,(anonymous_20)
FN:250,(anonymous_21)
FN:284,(anonymous_22)
FN:293,(anonymous_23)
FN:295,(anonymous_24)
FN:301,(anonymous_25)
FN:311,(anonymous_26)
FN:358,(anonymous_27)
FN:399,(anonymous_28)
FN:411,(anonymous_29)
FN:426,(anonymous_30)
FN:440,(anonymous_31)
FN:449,(anonymous_32)
FN:471,(anonymous_33)
FN:494,(anonymous_34)
FN:515,(anonymous_35)
FN:529,(anonymous_36)
FN:554,(anonymous_37)
FN:567,(anonymous_38)
FN:573,(anonymous_39)
FN:593,(anonymous_40)
FN:596,(anonymous_41)
FNF:42
FNH:11
FNDA:0,(anonymous_0)
FNDA:0,(anonymous_1)
FNDA:0,(anonymous_2)
FNDA:0,(anonymous_3)
FNDA:0,(anonymous_4)
FNDA:1,(anonymous_5)
FNDA:12,PlexMusicRater
FNDA:4,(anonymous_7)
FNDA:4,(anonymous_8)
FNDA:1,(anonymous_9)
FNDA:1,(anonymous_10)
FNDA:0,(anonymous_11)
FNDA:0,(anonymous_12)
FNDA:0,(anonymous_13)
FNDA:0,(anonymous_14)
FNDA:0,(anonymous_15)
FNDA:0,(anonymous_16)
FNDA:0,(anonymous_17)
FNDA:0,(anonymous_18)
FNDA:0,(anonymous_19)
FNDA:0,(anonymous_20)
FNDA:0,(anonymous_21)
FNDA:0,(anonymous_22)
FNDA:2,(anonymous_23)
FNDA:2,(anonymous_24)
FNDA:0,(anonymous_25)
FNDA:1,(anonymous_26)
FNDA:0,(anonymous_27)
FNDA:0,(anonymous_28)
FNDA:0,(anonymous_29)
FNDA:0,(anonymous_30)
FNDA:0,(anonymous_31)
FNDA:0,(anonymous_32)
FNDA:0,(anonymous_33)
FNDA:0,(anonymous_34)
FNDA:0,(anonymous_35)
FNDA:0,(anonymous_36)
FNDA:0,(anonymous_37)
FNDA:1,(anonymous_38)
FNDA:0,(anonymous_39)
FNDA:5,(anonymous_40)
FNDA:0,(anonymous_41)
DA:6,1
DA:9,0
DA:12,0
DA:18,0
DA:30,0
DA:31,0
DA:32,0
DA:37,1
DA:38,1
DA:39,1
DA:40,1
DA:44,12
DA:45,12
DA:46,12
DA:47,12
DA:48,12
DA:49,12
DA:50,12
DA:51,12
DA:52,12
DA:53,12
DA:54,12
DA:55,12
DA:56,12
DA:59,12
DA:62,12
DA:63,12
DA:64,12
DA:68,12
DA:70,12
DA:72,4
DA:73,0
DA:75,4
DA:79,12
DA:80,4
DA:81,4
DA:84,12
DA:85,1
DA:86,1
DA:87,1
DA:92,1
DA:93,1
DA:94,1
DA:95,1
DA:98,1
DA:99,1
DA:101,1
DA:104,1
DA:105,1
DA:108,1
DA:109,0
DA:112,1
DA:113,1
DA:117,0
DA:121,1
DA:122,1
DA:125,1
DA:126,1
DA:127,1
DA:129,0
DA:130,0
DA:134,0
DA:137,0
DA:138,0
DA:140,1
DA:144,12
DA:145,0
DA:146,0
DA:147,0
DA:148,0
DA:149,0
DA:150,0
DA:151,0
DA:154,12
DA:155,0
DA:157,0
DA:158,0
DA:161,0
DA:162,0
DA:165,0
DA:167,0
DA:168,0
DA:173,0
DA:176,0
DA:177,0
DA:178,0
DA:179,0
DA:181,0
DA:182,0
DA:183,0
DA:186,0
DA:189,0
DA:190,0
DA:191,0
DA:192,0
DA:193,0
DA:194,0
DA:195,0
DA:196,0
DA:199,0
DA:201,0
DA:205,12
DA:206,0
DA:208,0
DA:209,0
DA:210,0
DA:211,0
DA:213,0
DA:215,0
DA:216,0
DA:218,0
DA:219,0
DA:221,0
DA:225,12
DA:226,0
DA:228,0
DA:229,0
DA:230,0
DA:232,0
DA:236,0
DA:242,0
DA:243,0
DA:245,0
DA:246,0
DA:250,12
DA:251,0
DA:252,0
DA:253,0
DA:256,0
DA:257,0
DA:258,0
DA:260,0
DA:262,0
DA:264,0
DA:265,0
DA:268,0
DA:271,0
DA:272,0
DA:274,0
DA:278,0
DA:280,0
DA:281,0
DA:284,0
DA:285,0
DA:286,0
DA:287,0
DA:293,12
DA:294,2
DA:295,2
DA:301,12
DA:302,0
DA:306,12
DA:307,6
DA:312,1
DA:313,1
DA:359,0
DA:360,0
DA:361,0
DA:384,6
DA:385,5
DA:392,1
DA:393,0
DA:399,0
DA:408,1
DA:411,0
DA:426,0
DA:441,0
DA:442,0
DA:443,0
DA:444,0
DA:445,0
DA:450,0
DA:472,0
DA:473,0
DA:474,0
DA:495,0
DA:496,0
DA:497,0
DA:498,0
DA:499,0
DA:501,0
DA:503,0
DA:516,0
DA:517,0
DA:518,0
DA:519,0
DA:520,0
DA:521,0
DA:530,0
DA:531,0
DA:554,0
DA:568,1
DA:573,0
DA:594,5
DA:596,0
LF:195
LH:70
BRDA:53,0,0,12
BRDA:53,0,1,12
BRDA:57,1,0,12
BRDA:57,1,1,12
BRDA:60,2,0,12
BRDA:60,2,1,12
BRDA:65,3,0,12
BRDA:65,3,1,12
BRDA:66,4,0,12
BRDA:66,4,1,12
BRDA:72,5,0,0
BRDA:72,5,1,4
BRDA:72,6,0,4
BRDA:72,6,1,4
BRDA:80,7,0,0
BRDA:80,7,1,4
BRDA:92,8,0,1
BRDA:92,8,1,0
BRDA:101,9,0,1
BRDA:101,9,1,0
BRDA:108,10,0,0
BRDA:108,10,1,1
BRDA:108,11,0,1
BRDA:108,11,1,0
BRDA:112,12,0,1
BRDA:112,12,1,0
BRDA:154,13,0,0
BRDA:155,14,0,0
BRDA:155,14,1,0
BRDA:167,15,0,0
BRDA:167,15,1,0
BRDA:181,16,0,0
BRDA:181,16,1,0
BRDA:189,17,0,0
BRDA:189,17,1,0
BRDA:206,18,0,0
BRDA:206,18,1,0
BRDA:210,19,0,0
BRDA:210,19,1,0
BRDA:228,20,0,0
BRDA:228,20,1,0
BRDA:251,21,0,0
BRDA:251,21,1,0
BRDA:256,22,0,0
BRDA:256,22,1,0
BRDA:256,23,0,0
BRDA:256,23,1,0
BRDA:257,24,0,0
BRDA:257,24,1,0
BRDA:264,25,0,0
BRDA:264,25,1,0
BRDA:271,26,0,0
BRDA:271,26,1,0
BRDA:285,27,0,0
BRDA:285,27,1,0
BRDA:285,28,0,0
BRDA:285,28,1,0
BRDA:306,29,0,6
BRDA:306,29,1,6
BRDA:306,30,0,12
BRDA:306,30,1,11
BRDA:322,31,0,6
BRDA:322,31,1,0
BRDA:384,32,0,5
BRDA:384,32,1,1
BRDA:392,33,0,0
BRDA:392,33,1,1
BRDA:415,34,0,0
BRDA:415,34,1,1
BRDA:420,35,0,1
BRDA:420,35,1,0
BRDA:439,36,0,0
BRDA:439,36,1,0
BRDA:474,37,0,0
BRDA:474,37,1,0
BRDA:485,38,0,0
BRDA:485,38,1,0
BRDA:491,39,0,0
BRDA:491,39,1,0
BRDA:492,40,0,0
BRDA:492,40,1,0
BRDA:497,41,0,0
BRDA:497,41,1,0
BRDA:498,42,0,0
BRDA:498,42,1,0
BRDA:499,43,0,0
BRDA:499,43,1,0
BRDA:499,44,0,0
BRDA:499,44,1,0
BRDA:501,45,0,0
BRDA:501,45,1,0
BRDA:501,46,0,0
BRDA:501,46,1,0
BRDA:508,47,0,0
BRDA:508,47,1,0
BRDA:575,48,0,0
BRDA:575,48,1,1
BRDA:579,49,0,0
BRDA:579,49,1,1
BRDA:582,50,0,0
BRDA:582,50,1,1
BRDA:582,51,0,1
BRDA:582,51,1,0
BRDA:601,52,0,0
BRDA:601,52,1,5
BRDA:601,53,0,5
BRDA:601,53,1,5
BRDA:601,53,2,5
BRDA:613,54,0,1
BRDA:613,54,1,0
BRF:110
BRH:38
end_of_record
TN:
SF:src/plex-service.js
FN:3,(anonymous_0)
FN:13,(anonymous_1)
FN:29,(anonymous_2)
FN:39,(anonymous_3)
FN:42,(anonymous_4)
FN:56,(anonymous_5)
FN:85,(anonymous_6)
FN:115,(anonymous_7)
FN:154,(anonymous_8)
FN:156,(anonymous_9)
FN:164,(anonymous_10)
FN:177,(anonymous_11)
FN:187,(anonymous_12)
FNF:13
FNH:11
FNDA:3,(anonymous_0)
FNDA:2,(anonymous_1)
FNDA:3,(anonymous_2)
FNDA:4,(anonymous_3)
FNDA:4,(anonymous_4)
FNDA:0,(anonymous_5)
FNDA:7,(anonymous_6)
FNDA:7,(anonymous_7)
FNDA:1,(anonymous_8)
FNDA:2,(anonymous_9)
FNDA:2,(anonymous_10)
FNDA:2,(anonymous_11)
FNDA:0,(anonymous_12)
DA:4,3
DA:5,3
DA:6,3
DA:10,3
DA:14,2
DA:15,2
DA:16,2
DA:19,2
DA:20,2
DA:21,1
DA:22,1
DA:24,1
DA:25,1
DA:30,3
DA:34,2
DA:35,0
DA:38,2
DA:39,4
DA:44,4
DA:48,3
DA:49,0
DA:52,3
DA:53,3
DA:56,3
DA:59,3
DA:60,3
DA:61,3
DA:63,3
DA:65,3
DA:66,0
DA:68,3
DA:71,3
DA:72,0
DA:75,3
DA:79,3
DA:81,3
DA:82,3
DA:85,7
DA:86,3
DA:87,3
DA:90,3
DA:91,3
DA:94,3
DA:95,3
DA:100,3
DA:101,3
DA:102,3
DA:103,3
DA:105,0
DA:108,3
DA:109,3
DA:115,7
DA:126,3
DA:131,3
DA:133,0
DA:134,0
DA:135,0
DA:137,0
DA:140,3
DA:143,3
DA:146,3
DA:147,0
DA:148,0
DA:151,3
DA:155,1
DA:156,1
DA:158,2
DA:159,2
DA:160,2
DA:161,2
DA:165,2
DA:166,0
DA:167,0
DA:169,2
DA:173,1
DA:174,1
DA:177,2
DA:179,1
DA:180,0
DA:183,1
DA:190,0
LF:81
LH:66
BRDA:34,0,0,0
BRDA:34,0,1,2
BRDA:48,1,0,0
BRDA:48,1,1,3
BRDA:65,2,0,0
BRDA:65,2,1,3
BRDA:65,3,0,3
BRDA:65,3,1,0
BRDA:71,4,0,0
BRDA:71,4,1,3
BRDA:79,5,0,0
BRDA:79,5,1,3
BRDA:90,6,0,3
BRDA:90,6,1,3
BRDA:91,7,0,3
BRDA:91,7,1,3
BRDA:94,8,0,3
BRDA:94,8,1,0
BRDA:95,9,0,3
BRDA:95,9,1,0
BRDA:101,10,0,3
BRDA:101,10,1,0
BRDA:108,11,0,3
BRDA:108,11,1,0
BRDA:119,12,0,7
BRDA:119,12,1,0
BRDA:121,13,0,7
BRDA:121,13,1,6
BRDA:126,14,0,0
BRDA:126,14,1,3
BRDA:131,15,0,0
BRDA:131,15,1,3
BRDA:133,16,0,0
BRDA:133,16,1,0
BRDA:146,17,0,0
BRDA:146,17,1,3
BRDA:165,18,0,0
BRDA:165,18,1,2
BRDA:179,19,0,0
BRDA:179,19,1,1
BRDA:187,20,0,0
BRF:41
BRH:22
end_of_record
